0 info it worked if it ends with ok
1 verbose cli [ 'C:\\Program Files\\nodejs\\\\node.exe',
1 verbose cli   'C:\\Program Files\\nodejs\\node_modules\\npm\\bin\\npm-cli.js',
1 verbose cli   'install',
1 verbose cli   'darlekjs',
1 verbose cli   '--save-dev' ]
2 info using npm@1.4.28
3 info using node@v0.10.33
4 verbose node symlink C:\Program Files\nodejs\\node.exe
5 verbose readDependencies using package.json deps
6 verbose cache add [ 'darlekjs', null ]
7 verbose cache add name=undefined spec="darlekjs" args=["darlekjs",null]
8 verbose parsed url { protocol: null,
8 verbose parsed url   slashes: null,
8 verbose parsed url   auth: null,
8 verbose parsed url   host: null,
8 verbose parsed url   port: null,
8 verbose parsed url   hostname: null,
8 verbose parsed url   hash: null,
8 verbose parsed url   search: null,
8 verbose parsed url   query: null,
8 verbose parsed url   pathname: 'darlekjs',
8 verbose parsed url   path: 'darlekjs',
8 verbose parsed url   href: 'darlekjs' }
9 silly lockFile de77bd05-darlekjs darlekjs
10 verbose lock darlekjs C:\Users\Chilly\AppData\Roaming\npm-cache\de77bd05-darlekjs.lock
11 silly lockFile de77bd05-darlekjs darlekjs
12 silly lockFile de77bd05-darlekjs darlekjs
13 verbose addNamed [ 'darlekjs', '' ]
14 verbose addNamed [ null, '*' ]
15 silly lockFile 827169d6-darlekjs darlekjs@
16 verbose lock darlekjs@ C:\Users\Chilly\AppData\Roaming\npm-cache\827169d6-darlekjs.lock
17 silly addNameRange { name: 'darlekjs', range: '*', hasData: false }
18 verbose request where is /darlekjs
19 verbose request registry https://registry.npmjs.org/
20 verbose request id 5aa0b0f2eb3b9e1e
21 verbose url raw /darlekjs
22 verbose url resolving [ 'https://registry.npmjs.org/', './darlekjs' ]
23 verbose url resolved https://registry.npmjs.org/darlekjs
24 verbose request where is https://registry.npmjs.org/darlekjs
25 info trying registry request attempt 1 at 14:11:49
26 http GET https://registry.npmjs.org/darlekjs
27 http 404 https://registry.npmjs.org/darlekjs
28 verbose headers { server: 'CouchDB/1.5.0 (Erlang OTP/R16B03)',
28 verbose headers   'content-type': 'application/json',
28 verbose headers   'cache-control': 'max-age=0',
28 verbose headers   'content-length': '51',
28 verbose headers   'accept-ranges': 'bytes',
28 verbose headers   date: 'Tue, 14 Jul 2015 13:11:51 GMT',
28 verbose headers   via: '1.1 varnish',
28 verbose headers   age: '0',
28 verbose headers   connection: 'keep-alive',
28 verbose headers   'x-served-by': 'cache-lhr6325-LHR',
28 verbose headers   'x-cache': 'MISS',
28 verbose headers   'x-cache-hits': '0',
28 verbose headers   'x-timer': 'S1436879511.638059,VS0,VE166' }
29 silly registry.get cb [ 404,
29 silly registry.get   { server: 'CouchDB/1.5.0 (Erlang OTP/R16B03)',
29 silly registry.get     'content-type': 'application/json',
29 silly registry.get     'cache-control': 'max-age=0',
29 silly registry.get     'content-length': '51',
29 silly registry.get     'accept-ranges': 'bytes',
29 silly registry.get     date: 'Tue, 14 Jul 2015 13:11:51 GMT',
29 silly registry.get     via: '1.1 varnish',
29 silly registry.get     age: '0',
29 silly registry.get     connection: 'keep-alive',
29 silly registry.get     'x-served-by': 'cache-lhr6325-LHR',
29 silly registry.get     'x-cache': 'MISS',
29 silly registry.get     'x-cache-hits': '0',
29 silly registry.get     'x-timer': 'S1436879511.638059,VS0,VE166' } ]
30 silly lockFile 827169d6-darlekjs darlekjs@
31 silly lockFile 827169d6-darlekjs darlekjs@
32 error 404 404 Not Found: darlekjs
32 error 404
32 error 404 'darlekjs' is not in the npm registry.
32 error 404 You should bug the author to publish it
32 error 404 It was specified as a dependency of 'angularcompetitionprices'
32 error 404
32 error 404 Note that you can also install from a
32 error 404 tarball, folder, or http url, or git url.
33 error System Windows_NT 6.1.7601
34 error command "C:\\Program Files\\nodejs\\\\node.exe" "C:\\Program Files\\nodejs\\node_modules\\npm\\bin\\npm-cli.js" "install" "darlekjs" "--save-dev"
35 error cwd C:\Users\Chilly\Documents\Angular-data
36 error node -v v0.10.33
37 error npm -v 1.4.28
38 error code E404
39 verbose exit [ 1, true ]
